error t=2017-02-21T10:08:20.405Z Cinnamon Software Rendering mode enabled
info t=2017-02-21T10:08:21.028Z Cinnamon.AppSystem.get_default() started in 617 ms
info t=2017-02-21T10:08:21.033Z loading user theme: /usr/share/themes/Linux Mint/cinnamon/cinnamon.css
info t=2017-02-21T10:08:21.072Z added icon directory: /usr/share/themes/Linux Mint/cinnamon
info t=2017-02-21T10:08:21.146Z PlacesManager: Updating devices
info t=2017-02-21T10:08:21.171Z loaded at Tue Feb 21 2017 10:08:21 GMT+0000 (UTC)
info t=2017-02-21T10:08:21.198Z Installing settings for menu@cinnamon.org
info t=2017-02-21T10:08:21.199Z Settings successfully installed for menu@cinnamon.org
info t=2017-02-21T10:08:21.759Z Loaded applet menu@cinnamon.org in 581 ms
info t=2017-02-21T10:08:21.765Z Installing settings for show-desktop@cinnamon.org
info t=2017-02-21T10:08:21.765Z Settings successfully installed for show-desktop@cinnamon.org
info t=2017-02-21T10:08:21.768Z Loaded applet show-desktop@cinnamon.org in 8 ms
info t=2017-02-21T10:08:21.775Z Installing settings for panel-launchers@cinnamon.org
info t=2017-02-21T10:08:21.775Z Settings successfully installed for panel-launchers@cinnamon.org
info t=2017-02-21T10:08:21.812Z Role locked: panellauncher
info t=2017-02-21T10:08:21.812Z Loaded applet panel-launchers@cinnamon.org in 42 ms
info t=2017-02-21T10:08:21.821Z Installing settings for window-list@cinnamon.org
info t=2017-02-21T10:08:21.821Z Settings successfully installed for window-list@cinnamon.org
info t=2017-02-21T10:08:21.824Z Loaded applet window-list@cinnamon.org in 11 ms
info t=2017-02-21T10:08:21.831Z Installing settings for notifications@cinnamon.org
info t=2017-02-21T10:08:21.831Z Settings successfully installed for notifications@cinnamon.org
info t=2017-02-21T10:08:21.834Z Role locked: notifications
info t=2017-02-21T10:08:21.837Z Loaded applet notifications@cinnamon.org in 11 ms
info t=2017-02-21T10:08:21.848Z Installing settings for user@cinnamon.org
info t=2017-02-21T10:08:21.848Z Settings successfully installed for user@cinnamon.org
info t=2017-02-21T10:08:21.862Z Loaded applet user@cinnamon.org in 23 ms
info t=2017-02-21T10:08:21.870Z Loaded applet removable-drives@cinnamon.org in 7 ms
info t=2017-02-21T10:08:21.901Z Loaded applet keyboard@cinnamon.org in 30 ms
info t=2017-02-21T10:08:22.023Z Loaded applet network@cinnamon.org in 120 ms
info t=2017-02-21T10:08:22.060Z Installing settings for sound@cinnamon.org
info t=2017-02-21T10:08:22.060Z Settings successfully installed for sound@cinnamon.org
info t=2017-02-21T10:08:22.136Z Loaded applet sound@cinnamon.org in 109 ms
info t=2017-02-21T10:08:22.145Z Installing settings for power@cinnamon.org
info t=2017-02-21T10:08:22.146Z Settings successfully installed for power@cinnamon.org
info t=2017-02-21T10:08:22.160Z Loaded applet power@cinnamon.org in 22 ms
info t=2017-02-21T10:08:22.173Z Loaded applet systray@cinnamon.org in 12 ms
info t=2017-02-21T10:08:22.185Z Installing settings for calendar@cinnamon.org
info t=2017-02-21T10:08:22.185Z Settings successfully installed for calendar@cinnamon.org
info t=2017-02-21T10:08:22.196Z Loaded applet calendar@cinnamon.org in 21 ms
info t=2017-02-21T10:08:22.205Z Loaded applet windows-quick-list@cinnamon.org in 7 ms
info t=2017-02-21T10:08:22.205Z AppletManager.init() started in 1033 ms
info t=2017-02-21T10:08:22.233Z Cinnamon took 1853 ms to start
info t=2017-02-21T10:08:23.627Z Hiding systray: network
